SF:lib\common\exception.dart
DA:6,4
LF:1
LH:1
end_of_record
SF:lib\data\datasources\movie_local_data_source.dart
DA:15,1
DA:18,1
DA:20,3
DA:23,2
DA:28,1
DA:30,3
DA:33,2
DA:38,1
DA:39,3
DA:41,1
DA:48,1
DA:49,3
DA:50,4
LF:13
LH:13
end_of_record
SF:lib\data\models\movie_table.dart
DA:11,2
DA:18,2
DA:19,1
DA:20,1
DA:21,1
DA:22,1
DA:25,2
DA:26,1
DA:27,1
DA:28,1
DA:29,1
DA:32,0
DA:33,0
DA:34,0
DA:35,0
DA:36,0
DA:39,2
DA:40,1
DA:41,1
DA:42,1
DA:43,1
DA:46,2
DA:48,10
LF:23
LH:18
end_of_record
SF:lib\domain\entities\genre.dart
DA:4,12
DA:12,2
DA:13,6
LF:3
LH:3
end_of_record
SF:lib\domain\entities\movie.dart
DA:4,10
DA:20,1
DA:41,8
DA:42,8
DA:43,8
DA:44,8
DA:45,8
DA:46,8
DA:47,8
DA:48,8
DA:49,8
DA:50,8
DA:51,8
DA:52,8
DA:53,8
DA:54,8
DA:55,8
LF:17
LH:17
end_of_record
SF:lib\domain\entities\movie_detail.dart
DA:5,14
DA:33,2
DA:34,2
DA:35,2
DA:36,2
DA:37,2
DA:38,2
DA:39,2
DA:40,2
DA:41,2
DA:42,2
DA:43,2
DA:44,2
DA:45,2
LF:14
LH:14
end_of_record
SF:lib\common\failure.dart
DA:6,15
DA:8,2
DA:9,4
DA:13,30
DA:17,4
DA:21,8
DA:25,0
LF:7
LH:6
end_of_record
SF:lib\data\datasources\db\database_helper.dart
DA:9,0
DA:13,0
DA:17,0
DA:19,0
DA:27,0
DA:28,0
DA:29,0
DA:31,0
DA:35,0
DA:36,0
DA:43,0
DA:44,0
DA:51,0
DA:54,0
DA:55,0
DA:56,0
DA:59,0
DA:60,0
DA:61,0
DA:64,0
DA:68,0
DA:69,0
DA:70,0
DA:73,0
DA:76,0
DA:77,0
DA:83,0
DA:84,0
DA:85,0
DA:91,0
DA:92,0
DA:93,0
DA:96,0
DA:97,0
DA:98,0
DA:101,0
DA:105,0
DA:106,0
DA:107,0
DA:110,0
DA:113,0
DA:114,0
DA:120,0
DA:121,0
DA:122,0
LF:45
LH:0
end_of_record
SF:lib\data\datasources\movie_remote_data_source.dart
DA:29,1
DA:40,1
DA:43,5
DA:45,2
DA:46,4
DA:48,1
DA:53,1
DA:55,5
DA:57,2
DA:58,3
DA:60,1
DA:65,1
DA:66,2
DA:67,3
DA:69,2
DA:70,4
DA:72,1
DA:77,1
DA:79,5
DA:81,2
DA:82,4
DA:84,1
DA:89,1
DA:92,5
DA:93,2
DA:94,4
DA:96,1
DA:101,1
DA:103,2
DA:104,3
DA:106,2
DA:107,4
DA:109,1
LF:33
LH:33
end_of_record
SF:lib\data\models\movie_detail_model.dart
DA:6,2
DA:52,1
DA:53,1
DA:54,1
DA:55,1
DA:56,1
DA:57,1
DA:58,4
DA:59,1
DA:60,1
DA:61,1
DA:62,1
DA:63,1
DA:64,1
DA:65,2
DA:66,1
DA:67,1
DA:68,1
DA:69,1
DA:70,1
DA:71,1
DA:72,1
DA:73,1
DA:74,2
DA:75,1
DA:78,0
DA:79,0
DA:80,0
DA:81,0
DA:82,0
DA:83,0
DA:84,0
DA:85,0
DA:86,0
DA:87,0
DA:88,0
DA:89,0
DA:90,0
DA:91,0
DA:92,0
DA:93,0
DA:94,0
DA:95,0
DA:96,0
DA:97,0
DA:98,0
DA:99,0
DA:102,1
DA:103,1
DA:104,1
DA:105,1
DA:106,5
DA:107,1
DA:108,1
DA:109,1
DA:110,1
DA:111,1
DA:112,1
DA:113,1
DA:114,1
DA:115,1
DA:119,1
DA:121,1
DA:122,1
DA:123,1
DA:124,1
DA:125,1
DA:126,1
DA:127,1
DA:128,1
DA:129,1
DA:130,1
DA:131,1
DA:132,1
DA:133,1
DA:134,1
DA:135,1
DA:136,1
DA:137,1
DA:138,1
DA:139,1
DA:140,1
DA:141,1
DA:142,1
LF:84
LH:62
end_of_record
SF:lib\data\models\movie_model.dart
DA:5,4
DA:35,4
DA:36,2
DA:37,2
DA:38,8
DA:39,2
DA:40,2
DA:41,2
DA:42,4
DA:43,2
DA:44,2
DA:45,2
DA:46,2
DA:47,4
DA:48,2
DA:51,2
DA:52,1
DA:53,1
DA:54,4
DA:55,1
DA:56,1
DA:57,1
DA:58,1
DA:59,1
DA:60,1
DA:61,1
DA:62,1
DA:63,1
DA:64,1
DA:67,2
DA:68,2
DA:69,2
DA:70,2
DA:71,2
DA:72,2
DA:73,2
DA:74,2
DA:75,2
DA:76,2
DA:77,2
DA:78,2
DA:79,2
DA:80,2
DA:81,2
DA:85,2
DA:86,2
DA:87,2
DA:88,2
DA:89,2
DA:90,2
DA:91,2
DA:92,2
DA:93,2
DA:94,2
DA:95,2
DA:96,2
DA:97,2
DA:98,2
DA:99,2
LF:59
LH:59
end_of_record
SF:lib\data\models\tv_table.dart
DA:11,2
DA:18,2
DA:19,1
DA:20,1
DA:21,1
DA:22,1
DA:25,2
DA:26,1
DA:27,1
DA:28,1
DA:29,1
DA:32,0
DA:33,0
DA:34,0
DA:35,0
DA:36,0
DA:39,2
DA:40,1
DA:41,1
DA:42,1
DA:43,1
DA:46,2
DA:48,10
LF:23
LH:18
end_of_record
SF:lib\data\models\movie_response.dart
DA:7,2
DA:9,4
DA:10,4
DA:11,6
DA:12,6
DA:15,2
DA:16,5
DA:19,1
DA:20,2
LF:9
LH:9
end_of_record
SF:lib\data\models\genre_model.dart
DA:5,4
DA:13,4
DA:14,2
DA:15,2
DA:18,0
DA:19,0
DA:20,0
DA:23,2
DA:24,6
DA:27,2
DA:28,6
LF:11
LH:8
end_of_record
SF:lib\domain\entities\tv.dart
DA:4,9
DA:19,1
DA:39,7
DA:40,7
DA:41,7
DA:42,7
DA:43,7
DA:44,7
DA:45,7
DA:46,7
DA:47,7
DA:48,7
DA:49,7
DA:50,7
DA:51,7
DA:52,7
LF:16
LH:16
end_of_record
SF:lib\domain\entities\tv_detail.dart
DA:5,10
DA:33,2
DA:34,2
DA:35,2
DA:36,2
DA:37,2
DA:38,2
DA:39,2
DA:40,2
DA:41,2
DA:42,2
DA:43,2
DA:44,2
DA:45,2
DA:46,2
LF:15
LH:15
end_of_record
SF:lib\data\datasources\tv_local_data_source.dart
DA:15,1
DA:18,1
DA:20,3
DA:23,2
DA:28,1
DA:30,3
DA:33,2
DA:38,1
DA:39,3
DA:41,1
DA:48,1
DA:49,3
DA:50,4
LF:13
LH:13
end_of_record
SF:lib\data\datasources\tv_remote_data_source.dart
DA:27,1
DA:38,1
DA:40,5
DA:42,2
DA:43,4
DA:45,1
DA:50,1
DA:52,5
DA:54,2
DA:55,3
DA:57,1
DA:62,1
DA:63,2
DA:64,3
DA:66,2
DA:67,4
DA:69,1
DA:74,1
DA:76,5
DA:78,2
DA:79,4
DA:81,1
DA:86,1
DA:88,5
DA:90,2
DA:91,4
DA:93,1
DA:98,1
DA:99,2
DA:100,3
DA:102,2
DA:103,4
DA:105,1
LF:33
LH:33
end_of_record
SF:lib\data\models\tv_detail_model.dart
DA:7,2
DA:36,1
DA:37,1
DA:38,1
DA:39,1
DA:40,4
DA:41,1
DA:42,1
DA:43,2
DA:44,2
DA:45,1
DA:46,1
DA:47,1
DA:48,1
DA:49,1
DA:50,1
DA:53,0
DA:54,0
DA:55,0
DA:56,0
DA:57,0
DA:58,0
DA:59,0
DA:60,0
DA:61,0
DA:62,0
DA:63,0
DA:64,0
DA:65,0
DA:68,1
DA:69,1
DA:70,1
DA:71,5
DA:72,1
DA:73,1
DA:74,1
DA:75,1
DA:76,1
DA:77,1
DA:78,1
DA:79,1
DA:80,1
DA:81,1
DA:85,1
DA:87,1
DA:88,1
DA:89,1
DA:90,1
DA:91,1
DA:92,1
DA:93,1
DA:94,1
DA:95,1
DA:96,1
DA:97,1
DA:98,1
DA:99,1
LF:57
LH:44
end_of_record
SF:lib\data\models\tv_model.dart
DA:5,4
DA:33,4
DA:34,2
DA:35,8
DA:36,2
DA:37,2
DA:38,4
DA:39,4
DA:40,2
DA:41,2
DA:42,2
DA:43,2
DA:44,2
DA:45,2
DA:48,2
DA:49,1
DA:50,4
DA:51,1
DA:52,1
DA:53,1
DA:54,1
DA:55,1
DA:56,1
DA:57,1
DA:58,1
DA:59,1
DA:60,1
DA:63,2
DA:64,2
DA:65,2
DA:66,2
DA:67,2
DA:68,2
DA:69,2
DA:70,2
DA:71,2
DA:72,2
DA:73,2
DA:74,2
DA:75,2
DA:76,2
DA:80,2
DA:81,2
DA:82,2
DA:83,2
DA:84,2
DA:85,2
DA:86,2
DA:87,2
DA:88,2
DA:89,2
DA:90,2
DA:91,2
DA:92,2
DA:93,2
LF:55
LH:55
end_of_record
SF:lib\data\models\tv_response.dart
DA:7,2
DA:9,4
DA:10,4
DA:11,6
DA:12,6
DA:15,2
DA:16,5
DA:19,1
DA:20,2
LF:9
LH:9
end_of_record
SF:lib\data\repositories\movie_repository_impl.dart
DA:17,1
DA:23,1
DA:25,3
DA:26,5
DA:27,1
DA:28,2
DA:29,1
DA:30,2
DA:31,0
DA:32,0
DA:34,0
DA:39,1
DA:41,3
DA:42,2
DA:43,1
DA:44,2
DA:45,1
DA:46,2
DA:47,0
DA:48,0
DA:50,0
DA:55,1
DA:57,3
DA:58,3
DA:59,1
DA:60,2
DA:61,1
DA:62,2
DA:63,0
DA:64,0
DA:66,0
DA:71,1
DA:73,3
DA:74,5
DA:75,1
DA:76,2
DA:77,1
DA:78,2
DA:79,0
DA:80,0
DA:82,0
DA:87,1
DA:89,3
DA:90,5
DA:91,1
DA:92,2
DA:93,1
DA:94,2
DA:95,0
DA:96,0
DA:98,0
DA:103,1
DA:105,3
DA:106,5
DA:107,1
DA:108,2
DA:109,1
DA:110,2
DA:111,0
DA:112,0
DA:114,0
DA:119,1
DA:122,4
DA:123,1
DA:124,1
DA:125,3
DA:132,1
DA:135,4
DA:136,1
DA:137,1
DA:138,3
DA:143,1
DA:144,3
DA:149,1
DA:150,3
DA:151,5
LF:76
LH:58
end_of_record
SF:lib\data\repositories\tv_repository_impl.dart
DA:17,1
DA:23,1
DA:25,3
DA:26,5
DA:27,1
DA:28,2
DA:29,1
DA:30,2
DA:31,0
DA:32,0
DA:34,0
DA:39,1
DA:41,3
DA:42,2
DA:43,1
DA:44,2
DA:45,1
DA:46,2
DA:47,0
DA:48,0
DA:50,0
DA:55,1
DA:57,3
DA:58,3
DA:59,1
DA:60,2
DA:61,1
DA:62,2
DA:63,0
DA:64,0
DA:66,0
DA:71,1
DA:73,3
DA:74,5
DA:75,1
DA:76,2
DA:77,1
DA:78,2
DA:79,0
DA:80,0
DA:82,0
DA:87,1
DA:89,3
DA:90,5
DA:91,1
DA:92,2
DA:93,1
DA:94,2
DA:95,0
DA:96,0
DA:98,0
DA:103,1
DA:105,3
DA:106,5
DA:107,1
DA:108,2
DA:109,1
DA:110,2
DA:111,0
DA:112,0
DA:114,0
DA:119,1
DA:120,2
DA:123,4
DA:124,1
DA:125,1
DA:126,3
DA:128,0
DA:133,1
DA:136,4
DA:137,1
DA:138,1
DA:139,3
DA:144,1
DA:145,3
DA:150,1
DA:151,3
DA:152,5
LF:78
LH:59
end_of_record
SF:lib\domain\usecases\get_movie_detail.dart
DA:9,1
DA:11,1
DA:12,2
LF:3
LH:3
end_of_record
SF:lib\domain\usecases\get_movie_recommendations.dart
DA:9,1
DA:11,1
DA:12,2
LF:3
LH:3
end_of_record
SF:lib\domain\usecases\get_now_playing_movies.dart
DA:9,1
DA:11,1
DA:12,2
LF:3
LH:3
end_of_record
SF:lib\domain\usecases\get_popular_movies.dart
DA:9,1
DA:11,1
DA:12,2
LF:3
LH:3
end_of_record
SF:lib\domain\usecases\get_top_rated_movies.dart
DA:9,1
DA:11,1
DA:12,2
LF:3
LH:3
end_of_record
SF:lib\domain\usecases\get_watchlist_movies.dart
DA:9,1
DA:11,1
DA:12,2
LF:3
LH:3
end_of_record
SF:lib\domain\usecases\get_watchlist_status.dart
DA:7,1
DA:9,1
DA:10,2
LF:3
LH:3
end_of_record
SF:lib\domain\usecases\remove_watchlist.dart
DA:9,1
DA:11,1
DA:12,2
LF:3
LH:3
end_of_record
SF:lib\domain\usecases\save_watchlist.dart
DA:9,1
DA:11,1
DA:12,2
LF:3
LH:3
end_of_record
SF:lib\domain\usecases\search_movies.dart
DA:9,1
DA:11,1
DA:12,2
LF:3
LH:3
end_of_record
SF:lib\domain\usecases\tv\get_now_playing_tv.dart
DA:9,1
DA:11,1
DA:12,2
LF:3
LH:3
end_of_record
SF:lib\domain\usecases\tv\get_popular_tv.dart
DA:9,1
DA:11,1
DA:12,2
LF:3
LH:3
end_of_record
SF:lib\domain\usecases\tv\get_top_rated_tv.dart
DA:9,1
DA:11,1
DA:12,2
LF:3
LH:3
end_of_record
SF:lib\domain\usecases\tv\get_tv_recommendations.dart
DA:9,1
DA:11,1
DA:12,2
LF:3
LH:3
end_of_record
SF:lib\domain\usecases\tv\get_tv_detail.dart
DA:9,1
DA:11,1
DA:12,2
LF:3
LH:3
end_of_record
SF:lib\domain\usecases\tv\get_watchlist_tv.dart
DA:9,1
DA:11,1
DA:12,2
LF:3
LH:3
end_of_record
SF:lib\domain\usecases\tv\remove_watchlisttv.dart
DA:9,1
DA:11,1
DA:12,2
LF:3
LH:3
end_of_record
SF:lib\domain\usecases\tv\search_moviestv.dart
DA:9,1
DA:11,1
DA:12,2
LF:3
LH:3
end_of_record
SF:lib\domain\usecases\tv\save_watchlisttv.dart
DA:9,1
DA:11,1
DA:12,2
LF:3
LH:3
end_of_record
SF:lib\presentation\cubit\movie\movie_now_playing_state.dart
DA:4,3
DA:5,1
DA:6,1
DA:10,1
DA:14,2
DA:18,2
DA:24,1
DA:25,2
DA:27,1
DA:30,0
DA:33,0
DA:34,0
DA:40,1
DA:46,1
DA:47,2
DA:49,1
DA:52,0
DA:55,0
DA:56,0
LF:19
LH:13
end_of_record
SF:lib\presentation\cubit\movie\movie_now_playing_cubit.dart
DA:9,1
DA:11,1
DA:14,1
DA:15,1
DA:17,3
DA:18,1
DA:19,4
DA:20,3
LF:8
LH:8
end_of_record
SF:lib\presentation\cubit\movie\movie_popular_state.dart
DA:4,6
DA:6,1
DA:7,1
DA:11,3
DA:15,5
DA:19,3
DA:25,1
DA:26,2
DA:28,1
DA:31,0
DA:34,0
DA:35,0
DA:41,2
DA:47,1
DA:48,2
DA:50,1
DA:53,0
DA:56,0
DA:57,0
LF:19
LH:13
end_of_record
SF:lib\presentation\cubit\movie\movie_popular_cubit.dart
DA:9,1
DA:11,1
DA:14,1
DA:15,1
DA:17,3
DA:19,1
DA:20,4
DA:21,3
LF:8
LH:8
end_of_record
SF:lib\presentation\cubit\movie\movie_recommendations_state.dart
DA:4,11
DA:6,1
DA:7,1
DA:11,7
DA:15,8
DA:19,2
DA:25,1
DA:26,2
DA:28,1
DA:31,0
DA:34,0
DA:35,0
DA:41,3
DA:47,1
DA:48,2
DA:50,1
DA:53,0
DA:56,0
DA:57,0
LF:19
LH:13
end_of_record
SF:lib\presentation\cubit\movie\movie_recommendations_cubit.dart
DA:10,1
DA:12,1
DA:15,1
DA:16,1
DA:17,3
DA:18,1
DA:19,4
DA:20,3
LF:8
LH:8
end_of_record
SF:lib\presentation\cubit\movie\movie_search_state.dart
DA:5,3
DA:7,1
DA:8,1
DA:12,1
DA:16,2
DA:20,2
DA:22,1
DA:23,2
DA:26,1
DA:29,0
DA:32,0
DA:37,1
DA:43,1
DA:44,2
DA:46,1
DA:49,0
DA:52,0
DA:53,0
LF:18
LH:13
end_of_record
SF:lib\presentation\cubit\movie\movie_search_cubit.dart
DA:10,1
DA:12,1
DA:14,1
DA:15,1
DA:16,3
DA:17,1
DA:18,2
DA:19,2
DA:21,2
DA:22,1
LF:10
LH:10
end_of_record
SF:lib\presentation\cubit\movie\movie_top_rated_cubit.dart
DA:10,1
DA:12,1
DA:15,1
DA:16,1
DA:18,3
DA:19,1
DA:20,4
DA:21,3
LF:8
LH:8
end_of_record
SF:lib\presentation\cubit\movie\movie_top_rated_state.dart
DA:4,5
DA:6,1
DA:7,1
DA:11,2
DA:15,4
DA:19,3
DA:25,1
DA:26,2
DA:28,1
DA:31,0
DA:34,0
DA:35,0
DA:41,2
DA:47,1
DA:48,2
DA:50,1
DA:53,0
DA:56,0
DA:57,0
LF:19
LH:13
end_of_record
SF:lib\presentation\cubit\movie\movie_watchlist_state.dart
DA:4,3
DA:6,1
DA:7,1
DA:11,1
DA:15,2
DA:19,2
DA:25,1
DA:26,2
DA:28,1
DA:31,0
DA:34,0
DA:35,0
DA:41,1
DA:47,1
DA:48,2
DA:50,1
DA:53,0
DA:56,0
DA:57,0
LF:19
LH:13
end_of_record
SF:lib\presentation\cubit\movie\movie_watchlist_cubit.dart
DA:9,1
DA:11,1
DA:15,1
DA:16,1
DA:17,3
DA:18,1
DA:19,4
DA:20,3
LF:8
LH:8
end_of_record
SF:lib\common\state_enum.dart
DA:1,8
LF:1
LH:1
end_of_record
SF:lib\presentation\cubit\tv\tv_detail_state.dart
DA:10,7
DA:18,2
DA:19,2
DA:20,1
DA:21,1
DA:22,2
DA:23,2
DA:25,1
DA:27,1
DA:28,1
DA:29,1
DA:30,1
DA:31,1
DA:32,1
DA:36,0
DA:39,1
DA:46,1
DA:47,1
DA:48,1
DA:49,1
DA:50,1
DA:51,1
LF:22
LH:21
end_of_record
SF:lib\presentation\cubit\tv\tv_detail_cubit.dart
DA:14,1
DA:19,1
DA:30,1
DA:31,3
DA:32,3
DA:33,1
DA:34,1
DA:35,4
DA:36,3
DA:38,1
DA:39,3
DA:40,3
DA:45,1
DA:46,3
DA:47,1
DA:48,5
DA:49,4
DA:51,3
DA:54,1
DA:55,3
DA:56,1
DA:57,5
DA:58,4
DA:60,3
DA:63,1
DA:64,3
DA:65,3
LF:27
LH:27
end_of_record
SF:lib\domain\usecases\tv\get_watchlisttv_status.dart
DA:6,0
DA:8,0
DA:9,0
LF:3
LH:0
end_of_record
SF:lib\presentation\cubit\movie\movie_detail_cubit.dart
DA:14,1
DA:19,1
DA:30,1
DA:31,3
DA:32,3
DA:33,1
DA:34,1
DA:35,4
DA:36,3
DA:38,1
DA:39,3
DA:40,3
DA:45,1
DA:46,3
DA:47,1
DA:48,5
DA:49,4
DA:51,3
DA:54,1
DA:55,3
DA:56,1
DA:57,5
DA:58,4
DA:60,3
DA:63,1
DA:64,3
DA:65,3
LF:27
LH:27
end_of_record
SF:lib\presentation\cubit\movie\movie_detail_state.dart
DA:10,11
DA:18,2
DA:19,2
DA:20,1
DA:21,1
DA:22,2
DA:23,2
DA:25,1
DA:27,1
DA:28,1
DA:29,1
DA:30,1
DA:31,1
DA:32,1
DA:36,0
DA:39,1
DA:46,1
DA:47,1
DA:48,1
DA:49,1
DA:50,1
DA:51,1
LF:22
LH:21
end_of_record
SF:lib\presentation\cubit\tv\tv_now_playing_state.dart
DA:4,3
DA:5,1
DA:6,1
DA:10,1
DA:14,2
DA:18,2
DA:24,1
DA:25,2
DA:27,1
DA:30,0
DA:33,0
DA:34,0
DA:40,1
DA:46,1
DA:47,2
DA:49,1
DA:52,0
DA:55,0
DA:56,0
LF:19
LH:13
end_of_record
SF:lib\presentation\cubit\tv\tv_now_playing_cubit.dart
DA:9,1
DA:11,1
DA:14,1
DA:15,1
DA:17,3
DA:18,1
DA:19,4
DA:20,3
LF:8
LH:8
end_of_record
SF:lib\presentation\cubit\tv\tv_popular_state.dart
DA:4,7
DA:6,1
DA:7,1
DA:11,4
DA:15,6
DA:19,3
DA:25,1
DA:26,2
DA:28,1
DA:31,0
DA:34,0
DA:35,0
DA:41,2
DA:47,1
DA:48,2
DA:50,1
DA:53,0
DA:56,0
DA:57,0
LF:19
LH:13
end_of_record
SF:lib\presentation\cubit\tv\tv_popular_cubit.dart
DA:9,1
DA:11,1
DA:14,1
DA:15,1
DA:17,3
DA:19,1
DA:20,4
DA:21,3
LF:8
LH:8
end_of_record
SF:lib\presentation\cubit\tv\tv_search_cubit.dart
DA:10,1
DA:12,1
DA:15,1
DA:16,1
DA:17,3
DA:18,1
DA:19,2
DA:20,2
DA:22,2
DA:23,1
LF:10
LH:10
end_of_record
SF:lib\presentation\cubit\tv\tv_search_state.dart
DA:5,3
DA:7,1
DA:8,1
DA:12,1
DA:16,2
DA:20,2
DA:22,1
DA:23,2
DA:26,1
DA:29,0
DA:32,0
DA:37,1
DA:43,1
DA:44,2
DA:46,1
DA:49,0
DA:52,0
DA:53,0
LF:18
LH:13
end_of_record
SF:lib\presentation\cubit\tv\tv_top_rated_state.dart
DA:4,5
DA:6,1
DA:7,1
DA:11,2
DA:15,4
DA:19,3
DA:25,1
DA:26,2
DA:28,1
DA:31,0
DA:34,0
DA:35,0
DA:41,2
DA:47,1
DA:48,2
DA:50,1
DA:53,0
DA:56,0
DA:57,0
LF:19
LH:13
end_of_record
SF:lib\presentation\cubit\tv\tv_top_rated_cubit.dart
DA:10,1
DA:12,1
DA:15,1
DA:16,1
DA:18,3
DA:19,1
DA:20,4
DA:21,3
LF:8
LH:8
end_of_record
SF:lib\presentation\cubit\tv\tv_watchlist_cubit.dart
DA:9,1
DA:11,1
DA:15,1
DA:16,1
DA:17,3
DA:18,1
DA:19,4
DA:20,3
LF:8
LH:8
end_of_record
SF:lib\presentation\cubit\tv\tv_watchlist_state.dart
DA:4,3
DA:6,1
DA:7,1
DA:11,1
DA:15,2
DA:19,2
DA:25,1
DA:26,2
DA:28,1
DA:31,0
DA:34,0
DA:35,0
DA:41,1
DA:47,1
DA:48,2
DA:50,1
DA:53,0
DA:56,0
DA:57,0
LF:19
LH:13
end_of_record
SF:lib\presentation\pages\movie_detail_page.dart
DA:21,1
DA:23,1
DA:24,1
DA:28,1
DA:30,1
DA:31,2
DA:32,5
DA:34,5
DA:37,1
DA:39,1
DA:40,1
DA:41,1
DA:42,1
DA:44,1
DA:46,1
DA:47,1
DA:48,2
DA:50,0
DA:51,0
DA:53,0
DA:64,2
DA:66,1
DA:67,1
DA:71,1
DA:73,1
DA:74,2
DA:75,6
DA:76,6
DA:80,1
DA:82,3
DA:83,1
DA:84,1
DA:85,1
DA:86,4
DA:88,1
DA:89,0
DA:91,1
DA:93,1
DA:94,1
DA:95,1
DA:105,1
DA:106,1
DA:107,1
DA:109,1
DA:111,1
DA:113,1
DA:114,1
DA:115,3
DA:116,1
DA:118,1
DA:119,1
DA:120,1
DA:121,1
DA:122,1
DA:123,1
DA:124,1
DA:125,3
DA:127,0
DA:128,0
DA:129,0
DA:133,3
DA:135,1
DA:136,1
DA:137,2
DA:138,1
DA:139,3
DA:141,1
DA:143,1
DA:144,1
DA:145,1
DA:151,1
DA:153,1
DA:154,1
DA:163,1
DA:164,4
DA:166,1
DA:167,4
DA:169,1
DA:170,1
DA:171,1
DA:172,4
DA:174,1
DA:180,5
DA:184,1
DA:186,1
DA:188,1
DA:189,3
DA:192,1
DA:194,1
DA:196,1
DA:197,1
DA:198,1
DA:200,1
DA:201,0
DA:202,1
DA:203,1
DA:205,1
DA:207,1
DA:208,2
DA:209,1
DA:211,1
DA:212,0
DA:213,0
DA:216,0
DA:219,1
DA:223,1
DA:225,2
DA:226,1
DA:229,0
DA:236,2
DA:240,0
DA:248,1
DA:250,1
DA:265,1
DA:267,1
DA:270,1
DA:272,0
DA:273,0
DA:282,1
DA:284,2
DA:285,3
DA:288,1
DA:292,3
DA:295,1
DA:296,1
DA:297,1
DA:299,1
DA:300,1
DA:302,1
LF:129
LH:114
end_of_record
SF:lib\common\constants.dart
DA:15,4
DA:16,2
DA:17,6
DA:19,0
DA:21,0
DA:25,0
LF:6
LH:3
end_of_record
SF:lib\presentation\pages\popular_movies_page.dart
DA:11,1
DA:13,1
DA:14,1
DA:18,1
DA:20,1
DA:21,1
DA:22,4
DA:26,1
DA:28,1
DA:29,1
DA:32,1
DA:34,1
DA:35,1
DA:36,1
DA:38,1
DA:39,1
DA:40,0
DA:41,0
DA:42,0
DA:44,2
DA:46,1
DA:47,1
DA:49,2
LF:23
LH:20
end_of_record
SF:lib\presentation\widgets\movie_card_list.dart
DA:10,0
DA:12,0
DA:14,0
DA:16,0
DA:17,0
DA:18,0
DA:21,0
DA:24,0
DA:26,0
DA:27,0
DA:28,0
DA:34,0
DA:36,0
DA:37,0
DA:38,0
DA:41,0
DA:43,0
DA:44,0
DA:45,0
DA:53,0
DA:58,0
DA:59,0
DA:60,0
DA:62,0
DA:63,0
DA:65,0
DA:67,0
LF:27
LH:0
end_of_record
SF:lib\presentation\pages\top_rated_movies_page.dart
DA:11,1
DA:13,1
DA:14,1
DA:18,1
DA:20,1
DA:21,1
DA:22,4
DA:26,1
DA:28,1
DA:29,1
DA:32,1
DA:34,1
DA:35,1
DA:36,1
DA:38,1
DA:39,1
DA:40,0
DA:41,0
DA:42,0
DA:44,2
DA:46,1
DA:47,1
DA:49,2
LF:23
LH:20
end_of_record
SF:lib\presentation\pages\top_rated_tv_page.dart
DA:11,1
DA:12,1
DA:16,1
DA:18,1
DA:19,1
DA:20,4
DA:24,1
DA:26,1
DA:27,1
DA:28,1
DA:30,1
DA:32,1
DA:33,1
DA:34,1
DA:36,1
DA:37,1
DA:38,0
DA:39,0
DA:40,0
DA:42,2
DA:44,1
DA:45,1
DA:47,2
LF:23
LH:20
end_of_record
SF:lib\presentation\widgets\tv_card_list.dart
DA:10,0
DA:12,0
DA:14,0
DA:16,0
DA:17,0
DA:18,0
DA:21,0
DA:24,0
DA:26,0
DA:27,0
DA:28,0
DA:34,0
DA:36,0
DA:37,0
DA:38,0
DA:41,0
DA:43,0
DA:44,0
DA:45,0
DA:53,0
DA:58,0
DA:59,0
DA:60,0
DA:62,0
DA:63,0
DA:65,0
DA:67,0
LF:27
LH:0
end_of_record
SF:lib\presentation\cubit\tv\tv_recommendations_cubit.dart
DA:10,0
DA:12,0
DA:15,0
DA:16,0
DA:17,0
DA:18,0
DA:19,0
DA:20,0
LF:8
LH:0
end_of_record
SF:lib\presentation\cubit\tv\tv_recommendations_state.dart
DA:4,5
DA:6,0
DA:7,0
DA:11,3
DA:15,3
DA:19,0
DA:25,0
DA:26,0
DA:28,0
DA:31,0
DA:34,0
DA:35,0
DA:41,2
DA:47,0
DA:48,0
DA:50,0
DA:53,0
DA:56,0
DA:57,0
LF:19
LH:4
end_of_record
SF:lib\presentation\pages\popular_tv_page.dart
DA:10,1
DA:11,1
DA:15,1
DA:17,1
DA:18,1
DA:19,4
DA:23,1
DA:25,1
DA:26,1
DA:27,1
DA:29,1
DA:31,1
DA:32,1
DA:33,1
DA:35,1
DA:36,1
DA:37,0
DA:38,0
DA:39,0
DA:41,2
DA:43,1
DA:44,1
DA:46,2
LF:23
LH:20
end_of_record
SF:lib\presentation\pages\tv_detail_page.dart
DA:21,1
DA:23,1
DA:24,1
DA:28,1
DA:30,1
DA:31,2
DA:32,5
DA:36,1
DA:38,1
DA:39,1
DA:40,1
DA:41,1
DA:43,1
DA:45,1
DA:46,1
DA:47,2
DA:49,0
DA:50,0
DA:63,2
DA:65,1
DA:66,1
DA:70,1
DA:72,1
DA:73,2
DA:74,6
DA:75,6
DA:79,1
DA:81,3
DA:82,1
DA:83,1
DA:84,1
DA:85,4
DA:87,1
DA:88,0
DA:90,1
DA:92,1
DA:93,1
DA:94,1
DA:104,1
DA:105,1
DA:106,1
DA:108,1
DA:110,1
DA:112,1
DA:113,1
DA:114,3
DA:115,1
DA:117,1
DA:118,1
DA:119,1
DA:120,1
DA:121,1
DA:122,1
DA:123,1
DA:124,3
DA:126,0
DA:127,0
DA:128,0
DA:132,3
DA:134,1
DA:135,1
DA:136,2
DA:137,1
DA:138,3
DA:140,1
DA:142,1
DA:143,1
DA:144,1
DA:150,1
DA:152,1
DA:153,1
DA:162,1
DA:163,4
DA:165,1
DA:166,1
DA:167,1
DA:168,4
DA:170,1
DA:176,5
DA:180,1
DA:182,1
DA:184,1
DA:185,3
DA:188,1
DA:190,1
DA:192,1
DA:193,1
DA:194,1
DA:196,1
DA:197,0
DA:198,1
DA:199,1
DA:201,1
DA:203,1
DA:204,2
DA:205,1
DA:207,1
DA:208,0
DA:209,0
DA:212,0
DA:215,1
DA:219,1
DA:221,2
DA:222,1
DA:225,0
DA:232,2
DA:236,0
DA:244,1
DA:246,1
DA:261,1
DA:263,1
DA:266,1
DA:268,0
DA:269,0
DA:278,1
DA:280,2
DA:281,3
DA:284,1
DA:288,3
DA:291,0
DA:292,0
DA:293,0
DA:295,0
DA:296,0
DA:298,0
LF:125
LH:105
end_of_record
