SF:lib\presentation\cubit\tv\tv_popular_state.dart
DA:4,4
DA:6,0
DA:7,0
DA:11,3
DA:15,4
DA:19,1
DA:25,0
DA:26,0
DA:28,0
DA:31,0
DA:34,0
DA:35,0
DA:41,1
DA:47,0
DA:48,0
DA:50,0
DA:53,0
DA:56,0
DA:57,0
LF:19
LH:5
end_of_record
SF:lib\presentation\cubit\tv\tv_popular_cubit.dart
DA:9,0
DA:11,0
DA:14,0
DA:15,0
DA:17,0
DA:19,0
DA:20,0
DA:21,0
LF:8
LH:0
end_of_record
SF:lib\presentation\pages\popular_tv_page.dart
DA:10,1
DA:11,1
DA:15,1
DA:17,1
DA:18,1
DA:19,4
DA:23,1
DA:25,1
DA:26,1
DA:27,1
DA:29,1
DA:31,1
DA:32,1
DA:33,1
DA:35,1
DA:36,1
DA:37,0
DA:38,0
DA:39,0
DA:41,2
DA:43,1
DA:44,1
DA:46,2
LF:23
LH:20
end_of_record
SF:lib\domain\entities\tv.dart
DA:4,1
DA:19,0
DA:39,0
DA:40,0
DA:41,0
DA:42,0
DA:43,0
DA:44,0
DA:45,0
DA:46,0
DA:47,0
DA:48,0
DA:49,0
DA:50,0
DA:51,0
DA:52,0
LF:16
LH:1
end_of_record
SF:lib\domain\entities\tv_detail.dart
DA:5,4
DA:33,0
DA:34,0
DA:35,0
DA:36,0
DA:37,0
DA:38,0
DA:39,0
DA:40,0
DA:41,0
DA:42,0
DA:43,0
DA:44,0
DA:45,0
DA:46,0
LF:15
LH:1
end_of_record
SF:lib\domain\entities\genre.dart
DA:4,1
DA:12,0
DA:13,0
LF:3
LH:1
end_of_record
SF:lib\common\failure.dart
DA:6,0
DA:8,0
DA:9,0
DA:13,0
DA:17,0
DA:21,0
LF:6
LH:0
end_of_record
SF:lib\domain\usecases\tv\get_popular_tv.dart
DA:9,0
DA:11,0
DA:12,0
LF:3
LH:0
end_of_record
SF:lib\domain\usecases\tv\get_tv_detail.dart
DA:9,0
DA:11,0
DA:12,0
LF:3
LH:0
end_of_record
SF:lib\domain\usecases\tv\get_tv_recommendations.dart
DA:9,0
DA:11,0
DA:12,0
LF:3
LH:0
end_of_record
SF:lib\domain\usecases\tv\get_watchlisttv_status.dart
DA:6,0
DA:8,0
DA:9,0
LF:3
LH:0
end_of_record
SF:lib\domain\usecases\tv\remove_watchlisttv.dart
DA:9,0
DA:11,0
DA:12,0
LF:3
LH:0
end_of_record
SF:lib\domain\usecases\tv\save_watchlisttv.dart
DA:9,0
DA:11,0
DA:12,0
LF:3
LH:0
end_of_record
SF:lib\presentation\cubit\tv\tv_detail_state.dart
DA:10,5
DA:18,0
DA:19,0
DA:20,0
DA:21,0
DA:22,0
DA:23,0
DA:25,0
DA:27,0
DA:28,0
DA:29,0
DA:30,0
DA:31,0
DA:32,0
DA:36,0
DA:39,0
DA:46,0
DA:47,0
DA:48,0
DA:49,0
DA:50,0
DA:51,0
LF:22
LH:1
end_of_record
SF:lib\presentation\cubit\tv\tv_detail_cubit.dart
DA:14,0
DA:19,0
DA:30,0
DA:31,0
DA:32,0
DA:33,0
DA:34,0
DA:35,0
DA:36,0
DA:38,0
DA:39,0
DA:40,0
DA:45,0
DA:46,0
DA:47,0
DA:48,0
DA:49,0
DA:51,0
DA:54,0
DA:55,0
DA:56,0
DA:57,0
DA:58,0
DA:60,0
DA:63,0
DA:64,0
DA:65,0
LF:27
LH:0
end_of_record
SF:lib\common\state_enum.dart
DA:1,3
LF:1
LH:1
end_of_record
SF:lib\presentation\cubit\tv\tv_recommendations_cubit.dart
DA:10,0
DA:12,0
DA:15,0
DA:16,0
DA:17,0
DA:18,0
DA:19,0
DA:20,0
LF:8
LH:0
end_of_record
SF:lib\presentation\cubit\tv\tv_recommendations_state.dart
DA:4,5
DA:6,0
DA:7,0
DA:11,3
DA:15,3
DA:19,0
DA:25,0
DA:26,0
DA:28,0
DA:31,0
DA:34,0
DA:35,0
DA:41,2
DA:47,0
DA:48,0
DA:50,0
DA:53,0
DA:56,0
DA:57,0
LF:19
LH:4
end_of_record
SF:lib\presentation\widgets\tv_card_list.dart
DA:10,0
DA:12,0
DA:14,0
DA:16,0
DA:17,0
DA:18,0
DA:21,0
DA:24,0
DA:26,0
DA:27,0
DA:28,0
DA:34,0
DA:36,0
DA:37,0
DA:38,0
DA:41,0
DA:43,0
DA:44,0
DA:45,0
DA:53,0
DA:58,0
DA:59,0
DA:60,0
DA:62,0
DA:63,0
DA:65,0
DA:67,0
LF:27
LH:0
end_of_record
SF:lib\presentation\pages\tv_detail_page.dart
DA:21,1
DA:23,1
DA:24,1
DA:28,1
DA:30,1
DA:31,2
DA:32,5
DA:36,1
DA:38,1
DA:39,1
DA:40,1
DA:41,1
DA:43,1
DA:45,1
DA:46,1
DA:47,2
DA:49,0
DA:50,0
DA:63,2
DA:65,1
DA:66,1
DA:70,1
DA:72,1
DA:73,2
DA:74,6
DA:75,6
DA:79,1
DA:81,3
DA:82,1
DA:83,1
DA:84,1
DA:85,4
DA:87,1
DA:88,0
DA:90,1
DA:92,1
DA:93,1
DA:94,1
DA:104,1
DA:105,1
DA:106,1
DA:108,1
DA:110,1
DA:112,1
DA:113,1
DA:114,3
DA:115,1
DA:117,1
DA:118,1
DA:119,1
DA:120,1
DA:121,1
DA:122,1
DA:123,1
DA:124,3
DA:126,0
DA:127,0
DA:128,0
DA:132,3
DA:134,1
DA:135,1
DA:136,2
DA:137,1
DA:138,3
DA:140,1
DA:142,1
DA:143,1
DA:144,1
DA:150,1
DA:152,1
DA:153,1
DA:162,1
DA:163,4
DA:165,1
DA:166,1
DA:167,1
DA:168,4
DA:170,1
DA:176,5
DA:180,1
DA:182,1
DA:184,1
DA:185,3
DA:188,1
DA:190,1
DA:192,1
DA:193,1
DA:194,1
DA:196,1
DA:197,0
DA:198,1
DA:199,1
DA:201,1
DA:203,1
DA:204,2
DA:205,1
DA:207,1
DA:208,0
DA:209,0
DA:212,0
DA:215,1
DA:219,1
DA:221,2
DA:222,1
DA:225,0
DA:232,2
DA:236,0
DA:244,1
DA:246,1
DA:261,1
DA:263,1
DA:266,1
DA:268,0
DA:269,0
DA:278,1
DA:280,2
DA:281,3
DA:284,1
DA:288,3
DA:291,0
DA:292,0
DA:293,0
DA:295,0
DA:296,0
DA:298,0
LF:125
LH:105
end_of_record
SF:lib\common\constants.dart
DA:15,2
DA:16,1
DA:17,3
DA:19,0
DA:21,0
DA:25,0
LF:6
LH:3
end_of_record
SF:lib\data\models\movie_table.dart
DA:11,0
DA:18,0
DA:19,0
DA:20,0
DA:21,0
DA:22,0
DA:25,0
DA:26,0
DA:27,0
DA:28,0
DA:29,0
DA:32,0
DA:33,0
DA:34,0
DA:35,0
DA:36,0
DA:39,0
DA:40,0
DA:41,0
DA:42,0
DA:43,0
DA:46,0
DA:48,0
LF:23
LH:0
end_of_record
SF:lib\domain\entities\movie.dart
DA:4,0
DA:20,0
DA:41,0
DA:42,0
DA:43,0
DA:44,0
DA:45,0
DA:46,0
DA:47,0
DA:48,0
DA:49,0
DA:50,0
DA:51,0
DA:52,0
DA:53,0
DA:54,0
DA:55,0
LF:17
LH:0
end_of_record
SF:lib\domain\entities\movie_detail.dart
DA:5,3
DA:33,0
DA:34,0
DA:35,0
DA:36,0
DA:37,0
DA:38,0
DA:39,0
DA:40,0
DA:41,0
DA:42,0
DA:43,0
DA:44,0
DA:45,0
LF:14
LH:1
end_of_record
SF:lib\domain\usecases\get_movie_detail.dart
DA:9,0
DA:11,0
DA:12,0
LF:3
LH:0
end_of_record
SF:lib\domain\usecases\get_movie_recommendations.dart
DA:9,0
DA:11,0
DA:12,0
LF:3
LH:0
end_of_record
SF:lib\domain\usecases\get_watchlist_status.dart
DA:7,0
DA:9,0
DA:10,0
LF:3
LH:0
end_of_record
SF:lib\domain\usecases\remove_watchlist.dart
DA:9,0
DA:11,0
DA:12,0
LF:3
LH:0
end_of_record
SF:lib\domain\usecases\save_watchlist.dart
DA:9,0
DA:11,0
DA:12,0
LF:3
LH:0
end_of_record
SF:lib\presentation\cubit\movie\movie_detail_cubit.dart
DA:14,0
DA:19,0
DA:30,0
DA:31,0
DA:32,0
DA:33,0
DA:34,0
DA:35,0
DA:36,0
DA:38,0
DA:39,0
DA:40,0
DA:45,0
DA:46,0
DA:47,0
DA:48,0
DA:49,0
DA:51,0
DA:54,0
DA:55,0
DA:56,0
DA:57,0
DA:58,0
DA:60,0
DA:63,0
DA:64,0
DA:65,0
LF:27
LH:0
end_of_record
SF:lib\presentation\cubit\movie\movie_detail_state.dart
DA:10,3
DA:18,0
DA:19,0
DA:20,0
DA:21,0
DA:22,0
DA:23,0
DA:25,0
DA:27,0
DA:28,0
DA:29,0
DA:30,0
DA:31,0
DA:32,0
DA:36,0
DA:39,0
DA:46,0
DA:47,0
DA:48,0
DA:49,0
DA:50,0
DA:51,0
LF:22
LH:1
end_of_record
SF:lib\presentation\cubit\movie\movie_recommendations_state.dart
DA:4,3
DA:6,0
DA:7,0
DA:11,3
DA:15,3
DA:19,0
DA:25,0
DA:26,0
DA:28,0
DA:31,0
DA:34,0
DA:35,0
DA:41,0
DA:47,0
DA:48,0
DA:50,0
DA:53,0
DA:56,0
DA:57,0
LF:19
LH:3
end_of_record
SF:lib\presentation\cubit\movie\movie_recommendations_cubit.dart
DA:10,0
DA:12,0
DA:15,0
DA:16,0
DA:17,0
DA:18,0
DA:19,0
DA:20,0
LF:8
LH:0
end_of_record
SF:lib\presentation\pages\movie_detail_page.dart
DA:21,0
DA:23,0
DA:24,0
DA:28,0
DA:30,0
DA:31,0
DA:32,0
DA:34,0
DA:37,0
DA:39,0
DA:40,0
DA:41,0
DA:42,0
DA:44,0
DA:46,0
DA:47,0
DA:48,0
DA:50,0
DA:51,0
DA:53,0
DA:64,0
DA:66,0
DA:67,0
DA:71,0
DA:73,0
DA:74,0
DA:75,0
DA:76,0
DA:80,0
DA:82,0
DA:83,0
DA:84,0
DA:85,0
DA:86,0
DA:88,0
DA:89,0
DA:91,0
DA:93,0
DA:94,0
DA:95,0
DA:105,0
DA:106,0
DA:107,0
DA:109,0
DA:111,0
DA:113,0
DA:114,0
DA:115,0
DA:116,0
DA:118,0
DA:119,0
DA:120,0
DA:121,0
DA:122,0
DA:123,0
DA:124,0
DA:125,0
DA:127,0
DA:128,0
DA:129,0
DA:133,0
DA:135,0
DA:136,0
DA:137,0
DA:138,0
DA:139,0
DA:141,0
DA:143,0
DA:144,0
DA:145,0
DA:151,0
DA:153,0
DA:154,0
DA:163,0
DA:164,0
DA:166,0
DA:167,0
DA:169,0
DA:170,0
DA:171,0
DA:172,0
DA:174,0
DA:180,0
DA:184,0
DA:186,0
DA:188,0
DA:189,0
DA:192,0
DA:194,0
DA:196,0
DA:197,0
DA:198,0
DA:200,0
DA:201,0
DA:202,0
DA:203,0
DA:205,0
DA:207,0
DA:208,0
DA:209,0
DA:211,0
DA:212,0
DA:213,0
DA:216,0
DA:219,0
DA:223,0
DA:225,0
DA:226,0
DA:229,0
DA:236,0
DA:240,0
DA:248,0
DA:250,0
DA:265,0
DA:267,0
DA:270,0
DA:272,0
DA:273,0
DA:282,0
DA:284,0
DA:285,0
DA:288,0
DA:292,0
DA:295,0
DA:296,0
DA:297,0
DA:299,0
DA:300,0
DA:302,0
LF:129
LH:0
end_of_record
SF:lib\presentation\cubit\tv\tv_top_rated_state.dart
DA:4,2
DA:6,0
DA:7,0
DA:11,1
DA:15,2
DA:19,1
DA:25,0
DA:26,0
DA:28,0
DA:31,0
DA:34,0
DA:35,0
DA:41,1
DA:47,0
DA:48,0
DA:50,0
DA:53,0
DA:56,0
DA:57,0
LF:19
LH:5
end_of_record
SF:lib\presentation\cubit\tv\tv_top_rated_cubit.dart
DA:10,0
DA:12,0
DA:15,0
DA:16,0
DA:18,0
DA:19,0
DA:20,0
DA:21,0
LF:8
LH:0
end_of_record
SF:lib\presentation\pages\top_rated_tv_page.dart
DA:11,1
DA:12,1
DA:16,1
DA:18,1
DA:19,1
DA:20,4
DA:24,1
DA:26,1
DA:27,1
DA:28,1
DA:30,1
DA:32,1
DA:33,1
DA:34,1
DA:36,1
DA:37,1
DA:38,0
DA:39,0
DA:40,0
DA:42,2
DA:44,1
DA:45,1
DA:47,2
LF:23
LH:20
end_of_record
SF:lib\domain\usecases\tv\get_top_rated_tv.dart
DA:9,0
DA:11,0
DA:12,0
LF:3
LH:0
end_of_record
SF:lib\data\models\tv_table.dart
DA:11,0
DA:18,0
DA:19,0
DA:20,0
DA:21,0
DA:22,0
DA:25,0
DA:26,0
DA:27,0
DA:28,0
DA:29,0
DA:32,0
DA:33,0
DA:34,0
DA:35,0
DA:36,0
DA:39,0
DA:40,0
DA:41,0
DA:42,0
DA:43,0
DA:46,0
DA:48,0
LF:23
LH:0
end_of_record
